2019-05-14T09:44:39.606155+0800|INFO|正在删除AWS账号【cf-s3-dev】中测试Bucket...
2019-05-14T09:44:39.607209+0800|INFO|正在删除AWS账号【cf-s3-dev】中测试Bucket...
2019-05-14T09:44:39.607830+0800|INFO|正在删除AWS账号【cf-s3-dev】中测试Bucket...
2019-05-14T09:44:39.829320+0800|WARNING|已获取到以下测试Bucket，输入Y确认删除,请仔细确认！！！！
2019-05-14T09:44:39.830076+0800|WARNING|已获取到以下测试Bucket，输入Y确认删除,请仔细确认！！！！
2019-05-14T09:44:39.830879+0800|WARNING|已获取到以下测试Bucket，输入Y确认删除,请仔细确认！！！！
2019-05-14T09:44:39.831605+0800|INFO|cloudfort-backup-test-48135844cac8495a816e0191c62e9998
2019-05-14T09:44:39.832271+0800|INFO|cloudfort-backup-test-69964c0edbf4433793070d42615d8753
2019-05-14T09:44:39.833073+0800|INFO|cloudfort-backup-test-8ed343bc20bf4e23ae952551e75fce77
2019-05-14T09:44:39.833831+0800|INFO|cloudfort-backup-test-9accb166750a4f05a921504e5d9bb29a
2019-05-14T09:44:39.834504+0800|INFO|cloudfort-backup-test-ebe56c6891794d50aea8ab8ba75ceba3
2019-05-14T09:44:39.835195+0800|INFO|cloudfort-backup-test-f1efc048150243a082398d871b70ec42
2019-05-14T09:44:39.835908+0800|INFO|cloudfort-backup8-46371b9c3b8f49dea610a90a97ffc853-5
2019-05-14T09:44:39.836680+0800|INFO|cloudfort-backup8-4f1e288344534104b1a6fd4b284410f0-5
2019-05-14T09:44:39.837383+0800|INFO|cloudfort-backup8-63e5cf2c6ef3494f968c57e6218c03e5-5
2019-05-14T10:13:56.739703+0800|ERROR|未执行确认操作，程序退出~
2019-05-14T10:13:56.740486+0800|ERROR|未执行确认操作，程序退出~
2019-05-14T10:13:56.741144+0800|ERROR|未执行确认操作，程序退出~
2019-05-14T10:14:07.282694+0800|INFO|正在删除AWS账号【cf-s3-dev】中测试Bucket...
2019-05-14T10:14:07.283636+0800|INFO|正在删除AWS账号【cf-s3-dev】中测试Bucket...
2019-05-14T10:14:07.284436+0800|INFO|正在删除AWS账号【cf-s3-dev】中测试Bucket...
2019-05-14T10:14:07.448040+0800|WARNING|已获取到以下测试Bucket，输入Y确认删除,请仔细确认！！！！
2019-05-14T10:14:07.448824+0800|WARNING|已获取到以下测试Bucket，输入Y确认删除,请仔细确认！！！！
2019-05-14T10:14:07.449588+0800|WARNING|已获取到以下测试Bucket，输入Y确认删除,请仔细确认！！！！
2019-05-14T10:14:07.450295+0800|INFO|cloudfort-backup-test-48135844cac8495a816e0191c62e9998
2019-05-14T10:14:07.450976+0800|INFO|cloudfort-backup-test-69964c0edbf4433793070d42615d8753
2019-05-14T10:14:07.451661+0800|INFO|cloudfort-backup-test-8ed343bc20bf4e23ae952551e75fce77
2019-05-14T10:14:07.452351+0800|INFO|cloudfort-backup-test-9accb166750a4f05a921504e5d9bb29a
2019-05-14T10:14:07.453029+0800|INFO|cloudfort-backup-test-ebe56c6891794d50aea8ab8ba75ceba3
2019-05-14T10:14:07.453669+0800|INFO|cloudfort-backup-test-f1efc048150243a082398d871b70ec42
2019-05-14T10:14:07.454365+0800|INFO|cloudfort-backup8-46371b9c3b8f49dea610a90a97ffc853-5
2019-05-14T10:14:07.455008+0800|INFO|cloudfort-backup8-4f1e288344534104b1a6fd4b284410f0-5
2019-05-14T10:14:07.455644+0800|INFO|cloudfort-backup8-63e5cf2c6ef3494f968c57e6218c03e5-5
2019-05-14T10:14:56.643348+0800|INFO|正在删除bucket：cloudfort-backup-test-48135844cac8495a816e0191c62e9998
2019-05-14T10:14:57.103626+0800|INFO|正在删除bucket：cloudfort-backup-test-69964c0edbf4433793070d42615d8753
2019-05-14T10:14:57.685761+0800|INFO|正在删除bucket：cloudfort-backup-test-8ed343bc20bf4e23ae952551e75fce77
2019-05-14T10:14:58.155638+0800|INFO|正在删除bucket：cloudfort-backup-test-9accb166750a4f05a921504e5d9bb29a
2019-05-14T10:14:58.582042+0800|INFO|正在删除bucket：cloudfort-backup-test-ebe56c6891794d50aea8ab8ba75ceba3
2019-05-14T10:14:59.190916+0800|INFO|正在删除bucket：cloudfort-backup-test-f1efc048150243a082398d871b70ec42
2019-05-14T10:14:59.692158+0800|INFO|正在删除bucket：cloudfort-backup8-46371b9c3b8f49dea610a90a97ffc853-5
2019-05-14T10:15:00.156022+0800|INFO|正在删除bucket：cloudfort-backup8-4f1e288344534104b1a6fd4b284410f0-5
2019-05-14T10:15:00.613873+0800|INFO|正在删除文件对象：【s3.ObjectSummary(bucket_name='cloudfort-backup8-63e5cf2c6ef3494f968c57e6218c03e5-5', key='5/duplicity-full-signatures.20190511T090118Z.sigtar.gpg')】
2019-05-14T10:15:00.657848+0800|INFO|正在删除文件对象：【s3.ObjectSummary(bucket_name='cloudfort-backup8-63e5cf2c6ef3494f968c57e6218c03e5-5', key='5/duplicity-full.20190511T090118Z.manifest.gpg')】
2019-05-14T10:15:00.813946+0800|INFO|正在删除文件对象：【s3.ObjectSummary(bucket_name='cloudfort-backup8-63e5cf2c6ef3494f968c57e6218c03e5-5', key='5/duplicity-full.20190511T090118Z.vol1.difftar.gpg')】
2019-05-14T10:15:00.858173+0800|INFO|正在删除文件对象：【s3.ObjectSummary(bucket_name='cloudfort-backup8-63e5cf2c6ef3494f968c57e6218c03e5-5', key='5/duplicity-inc.20190511T090118Z.to.20190512T090052Z.manifest.gpg')】
2019-05-14T10:15:01.016623+0800|INFO|正在删除文件对象：【s3.ObjectSummary(bucket_name='cloudfort-backup8-63e5cf2c6ef3494f968c57e6218c03e5-5', key='5/duplicity-inc.20190511T090118Z.to.20190512T090052Z.vol1.difftar.gpg')】
2019-05-14T10:15:01.188804+0800|INFO|正在删除文件对象：【s3.ObjectSummary(bucket_name='cloudfort-backup8-63e5cf2c6ef3494f968c57e6218c03e5-5', key='5/duplicity-new-signatures.20190511T090118Z.to.20190512T090052Z.sigtar.gpg')】
2019-05-14T10:15:01.235742+0800|INFO|正在删除bucket：cloudfort-backup8-63e5cf2c6ef3494f968c57e6218c03e5-5
2019-05-14T10:16:10.787917+0800|INFO|--------获取所有【bucket name】--------
2019-05-14T10:16:10.875217+0800|INFO|--------获取【bucket】实例--------
2019-05-14T10:16:10.876483+0800|INFO|--------获取【bucket】下【所有文件】--------
2019-05-14T10:16:15.943868+0800|INFO|--------删除【bucket】--------
2019-05-14T10:16:16.068494+0800|INFO|--------获取【bucket】实例--------
2019-05-14T10:16:16.069946+0800|INFO|--------获取【bucket】下【所有文件】--------
2019-05-14T10:16:16.162359+0800|INFO|--------删除【bucket】--------
2019-05-14T10:16:16.276331+0800|INFO|--------获取【bucket】实例--------
2019-05-14T10:16:16.277775+0800|INFO|--------获取【bucket】下【所有文件】--------
2019-05-14T10:16:16.372475+0800|INFO|--------删除【bucket】--------
2019-05-14T10:16:16.475500+0800|INFO|--------获取【bucket】实例--------
2019-05-14T10:16:16.476945+0800|INFO|--------获取【bucket】下【所有文件】--------
2019-05-14T10:16:16.567651+0800|INFO|--------删除【bucket】--------
2019-05-14T10:16:16.673348+0800|INFO|--------获取【bucket】实例--------
2019-05-14T10:16:16.674724+0800|INFO|--------获取【bucket】下【所有文件】--------
2019-05-14T10:16:16.750476+0800|INFO|--------删除【bucket】--------
2019-05-14T10:16:16.851854+0800|INFO|--------获取【bucket】实例--------
2019-05-14T10:16:16.853223+0800|INFO|--------获取【bucket】下【所有文件】--------
2019-05-14T10:16:16.941387+0800|INFO|--------删除【bucket】--------
2019-05-14T10:16:17.062353+0800|INFO|--------获取【bucket】实例--------
2019-05-14T10:16:17.063741+0800|INFO|--------获取【bucket】下【所有文件】--------
2019-05-14T10:16:17.164864+0800|INFO|--------删除【bucket】--------
2019-05-14T10:16:17.287801+0800|INFO|--------获取【bucket】实例--------
2019-05-14T10:16:17.289173+0800|INFO|--------获取【bucket】下【所有文件】--------
2019-05-14T10:16:17.388335+0800|INFO|--------删除【bucket】下【所有文件】--------
2019-05-14T10:16:17.418553+0800|INFO|--------删除【bucket】下【所有文件】--------
2019-05-14T10:16:17.419334+0800|INFO|duplicity-full-signatures.20190511T090002Z.sigtar.gpg
duplicity-full.20190511T090002Z.manifest.gpg
duplicity-full.20190511T090002Z.vol1.difftar.gpg
duplicity-inc.20190511T090002Z.to.20190513T090002Z.manifest.gpg
duplicity-inc.20190511T090002Z.to.20190513T090002Z.vol1.difftar.gpg
duplicity-new-signatures.20190511T090002Z.to.20190513T090002Z.sigtar.gpg
2019-05-14T10:16:17.421426+0800|INFO|--------获取【bucket】下【所有文件】--------
2019-05-14T10:16:17.438837+0800|INFO|--------删除【bucket】--------
2019-05-14T10:16:17.562661+0800|INFO|--------获取【bucket】实例--------
2019-05-14T10:16:17.564035+0800|INFO|--------获取【bucket】下【所有文件】--------
2019-05-14T10:16:17.632540+0800|INFO|--------删除【bucket】下【所有文件】--------
2019-05-14T10:16:17.666460+0800|INFO|--------删除【bucket】下【所有文件】--------
2019-05-14T10:16:17.667222+0800|INFO|duplicity-full-signatures.20190513T040050Z.sigtar.gpg
duplicity-full.20190513T040050Z.manifest.gpg
duplicity-full.20190513T040050Z.vol1.difftar.gpg
duplicity-full.20190513T040050Z.vol10.difftar.gpg
duplicity-full.20190513T040050Z.vol11.difftar.gpg
duplicity-full.20190513T040050Z.vol12.difftar.gpg
duplicity-full.20190513T040050Z.vol13.difftar.gpg
duplicity-full.20190513T040050Z.vol14.difftar.gpg
duplicity-full.20190513T040050Z.vol15.difftar.gpg
duplicity-full.20190513T040050Z.vol16.difftar.gpg
duplicity-full.20190513T040050Z.vol17.difftar.gpg
duplicity-full.20190513T040050Z.vol18.difftar.gpg
duplicity-full.20190513T040050Z.vol19.difftar.gpg
duplicity-full.20190513T040050Z.vol2.difftar.gpg
duplicity-full.20190513T040050Z.vol20.difftar.gpg
duplicity-full.20190513T040050Z.vol21.difftar.gpg
duplicity-full.20190513T040050Z.vol22.difftar.gpg
duplicity-full.20190513T040050Z.vol23.difftar.gpg
duplicity-full.20190513T040050Z.vol24.difftar.gpg
duplicity-full.20190513T040050Z.vol3.difftar.gpg
duplicity-full.20190513T040050Z.vol4.difftar.gpg
duplicity-full.20190513T040050Z.vol5.difftar.gpg
duplicity-full.20190513T040050Z.vol6.difftar.gpg
duplicity-full.20190513T040050Z.vol7.difftar.gpg
duplicity-full.20190513T040050Z.vol8.difftar.gpg
duplicity-full.20190513T040050Z.vol9.difftar.gpg
2019-05-14T10:16:17.671470+0800|INFO|--------获取【bucket】下【所有文件】--------
2019-05-14T10:16:17.688794+0800|INFO|--------删除【bucket】--------
2019-05-14T10:16:17.791098+0800|INFO|--------获取【bucket】实例--------
2019-05-14T10:16:17.792550+0800|INFO|--------获取【bucket】下【所有文件】--------
2019-05-14T10:16:17.888018+0800|INFO|--------删除【bucket】下【所有文件】--------
2019-05-14T10:16:17.922178+0800|INFO|--------删除【bucket】下【所有文件】--------
2019-05-14T10:16:17.922926+0800|INFO|duplicity-full-signatures.20190509T070650Z.sigtar.gpg
duplicity-full.20190509T070650Z.manifest.gpg
duplicity-full.20190509T070650Z.vol1.difftar.gpg
2019-05-14T10:16:17.924263+0800|INFO|--------获取【bucket】下【所有文件】--------
2019-05-14T10:16:17.942157+0800|INFO|--------删除【bucket】--------
2019-05-14T10:16:18.051417+0800|INFO|已清空阿里云账号【安城数据专用】所有Bucket！
2019-05-14T10:16:18.052174+0800|INFO|已清空阿里云账号【安城数据专用】所有Bucket！
2019-05-14T10:16:18.053004+0800|INFO|已清空阿里云账号【安城数据专用】所有Bucket！
2019-05-14T10:16:52.211540+0800|ERROR|正在退出~
2019-05-14T10:16:52.212536+0800|ERROR|正在退出~
2019-05-14T10:16:52.213196+0800|ERROR|正在退出~
2019-05-31T14:30:53.862792+0800|INFO|--------获取所有【bucket name】--------
2019-05-31T14:30:53.974827+0800|INFO|--------获取【bucket】实例--------
2019-05-31T14:30:53.976068+0800|INFO|--------获取【bucket】下【所有文件】--------
2019-05-31T14:30:54.061684+0800|INFO|--------删除【bucket】--------
2019-05-31T14:30:54.191076+0800|INFO|--------获取【bucket】实例--------
2019-05-31T14:30:54.192551+0800|INFO|--------获取【bucket】下【所有文件】--------
2019-05-31T14:30:54.273543+0800|INFO|--------删除【bucket】--------
2019-05-31T14:30:54.398811+0800|INFO|--------获取【bucket】实例--------
2019-05-31T14:30:54.400245+0800|INFO|--------获取【bucket】下【所有文件】--------
2019-05-31T14:30:54.481894+0800|INFO|--------删除【bucket】--------
2019-05-31T14:30:54.612422+0800|INFO|--------获取【bucket】实例--------
2019-05-31T14:30:54.613864+0800|INFO|--------获取【bucket】下【所有文件】--------
2019-05-31T14:30:54.691754+0800|INFO|--------删除【bucket】--------
2019-05-31T14:30:54.799046+0800|INFO|--------获取【bucket】实例--------
2019-05-31T14:30:54.800415+0800|INFO|--------获取【bucket】下【所有文件】--------
2019-05-31T14:30:54.885569+0800|INFO|--------删除【bucket】--------
2019-05-31T14:30:55.018941+0800|INFO|--------获取【bucket】实例--------
2019-05-31T14:30:55.020302+0800|INFO|--------获取【bucket】下【所有文件】--------
2019-05-31T14:30:55.140911+0800|INFO|--------删除【bucket】--------
2019-05-31T14:30:55.292710+0800|INFO|--------获取【bucket】实例--------
2019-05-31T14:30:55.293939+0800|INFO|--------获取【bucket】下【所有文件】--------
2019-05-31T14:30:55.383728+0800|INFO|--------删除【bucket】下【所有文件】--------
2019-05-31T14:30:55.411582+0800|INFO|--------删除【bucket】下【所有文件】--------
2019-05-31T14:30:55.412247+0800|INFO|duplicity-full-signatures.20190529T040006Z.sigtar.gpg
duplicity-full.20190529T040006Z.manifest.gpg
duplicity-full.20190529T040006Z.vol1.difftar.gpg
2019-05-31T14:30:55.413448+0800|INFO|--------获取【bucket】下【所有文件】--------
2019-05-31T14:30:55.430036+0800|INFO|--------删除【bucket】--------
2019-05-31T14:30:55.538984+0800|INFO|--------获取【bucket】实例--------
2019-05-31T14:30:55.539973+0800|INFO|--------获取【bucket】下【所有文件】--------
2019-05-31T14:30:55.688018+0800|INFO|--------删除【bucket】下【所有文件】--------
2019-05-31T14:30:55.721472+0800|INFO|--------删除【bucket】下【所有文件】--------
2019-05-31T14:30:55.721990+0800|INFO|duplicity-full-signatures.20190519T040046Z.sigtar.gpg
duplicity-full.20190519T040046Z.manifest.gpg
duplicity-full.20190519T040046Z.vol1.difftar.gpg
duplicity-full.20190519T040046Z.vol10.difftar.gpg
duplicity-full.20190519T040046Z.vol11.difftar.gpg
duplicity-full.20190519T040046Z.vol12.difftar.gpg
duplicity-full.20190519T040046Z.vol13.difftar.gpg
duplicity-full.20190519T040046Z.vol14.difftar.gpg
duplicity-full.20190519T040046Z.vol15.difftar.gpg
duplicity-full.20190519T040046Z.vol16.difftar.gpg
duplicity-full.20190519T040046Z.vol17.difftar.gpg
duplicity-full.20190519T040046Z.vol18.difftar.gpg
duplicity-full.20190519T040046Z.vol19.difftar.gpg
duplicity-full.20190519T040046Z.vol2.difftar.gpg
duplicity-full.20190519T040046Z.vol20.difftar.gpg
duplicity-full.20190519T040046Z.vol21.difftar.gpg
duplicity-full.20190519T040046Z.vol22.difftar.gpg
duplicity-full.20190519T040046Z.vol23.difftar.gpg
duplicity-full.20190519T040046Z.vol24.difftar.gpg
duplicity-full.20190519T040046Z.vol3.difftar.gpg
duplicity-full.20190519T040046Z.vol4.difftar.gpg
duplicity-full.20190519T040046Z.vol5.difftar.gpg
duplicity-full.20190519T040046Z.vol6.difftar.gpg
duplicity-full.20190519T040046Z.vol7.difftar.gpg
duplicity-full.20190519T040046Z.vol8.difftar.gpg
duplicity-full.20190519T040046Z.vol9.difftar.gpg
2019-05-31T14:30:55.725752+0800|INFO|--------获取【bucket】下【所有文件】--------
2019-05-31T14:30:55.742924+0800|INFO|--------删除【bucket】--------
2019-05-31T14:30:55.913595+0800|INFO|--------获取【bucket】实例--------
2019-05-31T14:30:55.914550+0800|INFO|--------获取【bucket】下【所有文件】--------
2019-05-31T14:30:56.012116+0800|INFO|--------删除【bucket】下【所有文件】--------
2019-05-31T14:30:56.039308+0800|INFO|--------删除【bucket】下【所有文件】--------
2019-05-31T14:30:56.039862+0800|INFO|duplicity-full-signatures.20190516T084653Z.sigtar.gpg
duplicity-full-signatures.20190516T084823Z.sigtar.gpg
duplicity-full.20190516T084653Z.manifest.gpg
duplicity-full.20190516T084653Z.vol1.difftar.gpg
duplicity-full.20190516T084823Z.manifest.gpg
duplicity-full.20190516T084823Z.vol1.difftar.gpg
2019-05-31T14:30:56.041449+0800|INFO|--------获取【bucket】下【所有文件】--------
2019-05-31T14:30:56.055913+0800|INFO|--------删除【bucket】--------
2019-05-31T14:30:56.179527+0800|INFO|--------获取【bucket】实例--------
2019-05-31T14:30:56.180359+0800|INFO|--------获取【bucket】下【所有文件】--------
2019-05-31T14:30:56.254387+0800|INFO|--------删除【bucket】下【所有文件】--------
2019-05-31T14:30:56.286518+0800|INFO|--------删除【bucket】下【所有文件】--------
2019-05-31T14:30:56.287008+0800|INFO|duplicity-full-signatures.20190520T040008Z.sigtar.gpg
duplicity-full.20190520T040008Z.manifest.gpg
duplicity-full.20190520T040008Z.vol1.difftar.gpg
2019-05-31T14:30:56.287978+0800|INFO|--------获取【bucket】下【所有文件】--------
2019-05-31T14:30:56.305221+0800|INFO|--------删除【bucket】--------
2019-05-31T14:30:56.413107+0800|INFO|--------获取【bucket】实例--------
2019-05-31T14:30:56.414002+0800|INFO|--------获取【bucket】下【所有文件】--------
2019-05-31T14:30:56.492160+0800|INFO|--------删除【bucket】下【所有文件】--------
2019-05-31T14:30:56.522087+0800|INFO|--------删除【bucket】下【所有文件】--------
2019-05-31T14:30:56.522600+0800|INFO|duplicity-full-signatures.20190516T080619Z.sigtar.gpg
duplicity-full.20190516T080619Z.manifest.gpg
duplicity-full.20190516T080619Z.vol1.difftar.gpg
duplicity-full.20190516T080619Z.vol2.difftar.gpg
duplicity-full.20190516T080619Z.vol3.difftar.gpg
duplicity-full.20190516T080619Z.vol4.difftar.gpg
2019-05-31T14:30:56.523941+0800|INFO|--------获取【bucket】下【所有文件】--------
2019-05-31T14:30:56.539771+0800|INFO|--------删除【bucket】--------
2019-05-31T14:30:56.657491+0800|INFO|已清空阿里云账号【安城数据专用】所有Bucket！
2019-05-31T14:30:56.658018+0800|INFO|已清空阿里云账号【安城数据专用】所有Bucket！
2019-05-31T14:30:56.658440+0800|INFO|已清空阿里云账号【安城数据专用】所有Bucket！
2019-09-02T10:32:38.586362+0800|INFO|--------获取所有【bucket name】--------
2019-09-02T10:32:38.683745+0800|INFO|--------获取【bucket】实例--------
2019-09-02T10:32:38.685063+0800|INFO|--------获取【bucket】下【所有文件】--------
2019-09-02T10:32:38.779791+0800|INFO|--------删除【bucket】--------
2019-09-02T10:32:38.858914+0800|INFO|--------获取【bucket】实例--------
2019-09-02T10:32:38.860398+0800|INFO|--------获取【bucket】下【所有文件】--------
2019-09-02T10:32:39.069995+0800|INFO|--------删除【bucket】--------
2019-09-02T10:32:39.164094+0800|INFO|--------获取【bucket】实例--------
2019-09-02T10:32:39.165613+0800|INFO|--------获取【bucket】下【所有文件】--------
2019-09-02T10:32:39.273240+0800|INFO|--------删除【bucket】--------
2019-09-02T10:32:39.398428+0800|INFO|--------获取【bucket】实例--------
2019-09-02T10:32:39.399909+0800|INFO|--------获取【bucket】下【所有文件】--------
2019-09-02T10:32:39.453629+0800|INFO|--------删除【bucket】--------
2019-09-02T10:32:39.558510+0800|INFO|--------获取【bucket】实例--------
2019-09-02T10:32:39.560013+0800|INFO|--------获取【bucket】下【所有文件】--------
2019-09-02T10:32:39.647360+0800|INFO|--------删除【bucket】--------
2019-09-02T10:32:39.754995+0800|INFO|--------获取【bucket】实例--------
2019-09-02T10:32:39.756588+0800|INFO|--------获取【bucket】下【所有文件】--------
2019-09-02T10:32:39.839466+0800|INFO|--------删除【bucket】--------
2019-09-02T10:32:39.927899+0800|INFO|--------获取【bucket】实例--------
2019-09-02T10:32:39.929482+0800|INFO|--------获取【bucket】下【所有文件】--------
2019-09-02T10:32:40.019662+0800|INFO|--------删除【bucket】--------
2019-09-02T10:32:40.122642+0800|INFO|--------获取【bucket】实例--------
2019-09-02T10:32:40.124163+0800|INFO|--------获取【bucket】下【所有文件】--------
2019-09-02T10:32:40.211523+0800|INFO|--------删除【bucket】--------
2019-09-02T10:32:40.329945+0800|INFO|--------获取【bucket】实例--------
2019-09-02T10:32:40.331449+0800|INFO|--------获取【bucket】下【所有文件】--------
2019-09-02T10:32:40.413872+0800|INFO|--------删除【bucket】--------
2019-09-02T10:32:40.538352+0800|INFO|--------获取【bucket】实例--------
2019-09-02T10:32:40.539875+0800|INFO|--------获取【bucket】下【所有文件】--------
2019-09-02T10:32:40.581855+0800|INFO|--------删除【bucket】--------
2019-09-02T10:32:40.669480+0800|INFO|--------获取【bucket】实例--------
2019-09-02T10:32:40.671042+0800|INFO|--------获取【bucket】下【所有文件】--------
2019-09-02T10:32:40.758038+0800|INFO|--------删除【bucket】--------
2019-09-02T10:32:40.863906+0800|INFO|--------获取【bucket】实例--------
2019-09-02T10:32:40.865511+0800|INFO|--------获取【bucket】下【所有文件】--------
2019-09-02T10:32:40.925926+0800|INFO|--------删除【bucket】--------
2019-09-02T10:32:41.012613+0800|INFO|--------获取【bucket】实例--------
2019-09-02T10:32:41.014152+0800|INFO|--------获取【bucket】下【所有文件】--------
2019-09-02T10:32:41.153939+0800|INFO|--------删除【bucket】--------
2019-09-02T10:32:41.247601+0800|INFO|--------获取【bucket】实例--------
2019-09-02T10:32:41.249177+0800|INFO|--------获取【bucket】下【所有文件】--------
2019-09-02T10:32:41.338523+0800|INFO|--------删除【bucket】--------
2019-09-02T10:32:41.430747+0800|INFO|--------获取【bucket】实例--------
2019-09-02T10:32:41.432340+0800|INFO|--------获取【bucket】下【所有文件】--------
2019-09-02T10:32:41.519799+0800|INFO|--------删除【bucket】下【所有文件】--------
2019-09-02T10:32:41.547146+0800|INFO|--------删除【bucket】下【所有文件】--------
2019-09-02T10:32:41.547990+0800|INFO|duplicity-full-signatures.20190802T040012Z.sigtar.gpg
duplicity-full.20190802T040012Z.manifest.gpg
duplicity-full.20190802T040012Z.vol1.difftar.gpg
2019-09-02T10:32:41.549820+0800|INFO|--------获取【bucket】下【所有文件】--------
2019-09-02T10:32:41.566159+0800|INFO|--------删除【bucket】--------
2019-09-02T10:32:41.696939+0800|INFO|--------获取【bucket】实例--------
2019-09-02T10:32:41.698598+0800|INFO|--------获取【bucket】下【所有文件】--------
2019-09-02T10:32:41.813843+0800|INFO|--------删除【bucket】下【所有文件】--------
2019-09-02T10:32:41.842282+0800|INFO|--------删除【bucket】下【所有文件】--------
2019-09-02T10:32:41.843140+0800|INFO|duplicity-full-signatures.20190801T105834Z.sigtar.gpg
duplicity-full.20190801T105834Z.manifest.gpg
duplicity-full.20190801T105834Z.vol1.difftar.gpg
2019-09-02T10:32:41.844792+0800|INFO|--------获取【bucket】下【所有文件】--------
2019-09-02T10:32:41.861057+0800|INFO|--------删除【bucket】--------
2019-09-02T10:32:41.983267+0800|INFO|--------获取【bucket】实例--------
2019-09-02T10:32:41.984858+0800|INFO|--------获取【bucket】下【所有文件】--------
2019-09-02T10:32:42.092544+0800|INFO|--------删除【bucket】下【所有文件】--------
2019-09-02T10:32:42.124679+0800|INFO|--------删除【bucket】下【所有文件】--------
2019-09-02T10:32:42.125551+0800|INFO|duplicity-full-signatures.20190829T061541Z.sigtar.gpg
duplicity-full.20190829T061541Z.manifest.gpg
duplicity-full.20190829T061541Z.vol1.difftar.gpg
duplicity-full.20190829T061541Z.vol2.difftar.gpg
duplicity-full.20190829T061541Z.vol3.difftar.gpg
duplicity-full.20190829T061541Z.vol4.difftar.gpg
duplicity-inc.20190829T061541Z.to.20190829T085613Z.manifest.gpg
duplicity-inc.20190829T061541Z.to.20190829T085613Z.vol1.difftar.gpg
duplicity-inc.20190829T085613Z.to.20190829T090605Z.manifest.gpg
duplicity-inc.20190829T085613Z.to.20190829T090605Z.vol1.difftar.gpg
duplicity-new-signatures.20190829T061541Z.to.20190829T085613Z.sigtar.gpg
duplicity-new-signatures.20190829T085613Z.to.20190829T090605Z.sigtar.gpg
2019-09-02T10:32:42.130031+0800|INFO|--------获取【bucket】下【所有文件】--------
2019-09-02T10:32:42.146184+0800|INFO|--------删除【bucket】--------
2019-09-02T10:32:42.234398+0800|INFO|--------获取【bucket】实例--------
2019-09-02T10:32:42.235932+0800|INFO|--------获取【bucket】下【所有文件】--------
2019-09-02T10:32:42.307595+0800|INFO|--------删除【bucket】--------
2019-09-02T10:32:42.405898+0800|INFO|--------获取【bucket】实例--------
2019-09-02T10:32:42.407457+0800|INFO|--------获取【bucket】下【所有文件】--------
2019-09-02T10:32:42.486978+0800|INFO|--------删除【bucket】下【所有文件】--------
2019-09-02T10:32:42.517508+0800|INFO|--------删除【bucket】下【所有文件】--------
2019-09-02T10:32:42.518412+0800|INFO|duplicity-full-signatures.20190830T023058Z.sigtar.gpg
duplicity-full-signatures.20190902T023042Z.sigtar.gpg
duplicity-full.20190830T023058Z.manifest.gpg
duplicity-full.20190830T023058Z.vol1.difftar.gpg
duplicity-full.20190902T023042Z.manifest.gpg
duplicity-full.20190902T023042Z.vol1.difftar.gpg
2019-09-02T10:32:42.520871+0800|INFO|--------获取【bucket】下【所有文件】--------
2019-09-02T10:32:42.538644+0800|INFO|--------删除【bucket】--------
2019-09-02T10:32:42.620007+0800|INFO|--------获取【bucket】实例--------
2019-09-02T10:32:42.621608+0800|INFO|--------获取【bucket】下【所有文件】--------
2019-09-02T10:32:42.686698+0800|INFO|--------删除【bucket】下【所有文件】--------
2019-09-02T10:32:42.717186+0800|INFO|--------删除【bucket】下【所有文件】--------
2019-09-02T10:32:42.718003+0800|INFO|duplicity-full-signatures.20190830T040125Z.sigtar.gpg
duplicity-full.20190830T040125Z.manifest.gpg
duplicity-full.20190830T040125Z.vol1.difftar.gpg
duplicity-full.20190830T040125Z.vol10.difftar.gpg
duplicity-full.20190830T040125Z.vol11.difftar.gpg
duplicity-full.20190830T040125Z.vol12.difftar.gpg
duplicity-full.20190830T040125Z.vol13.difftar.gpg
duplicity-full.20190830T040125Z.vol14.difftar.gpg
duplicity-full.20190830T040125Z.vol2.difftar.gpg
duplicity-full.20190830T040125Z.vol3.difftar.gpg
duplicity-full.20190830T040125Z.vol4.difftar.gpg
duplicity-full.20190830T040125Z.vol5.difftar.gpg
duplicity-full.20190830T040125Z.vol6.difftar.gpg
duplicity-full.20190830T040125Z.vol7.difftar.gpg
duplicity-full.20190830T040125Z.vol8.difftar.gpg
duplicity-full.20190830T040125Z.vol9.difftar.gpg
2019-09-02T10:32:42.723471+0800|INFO|--------获取【bucket】下【所有文件】--------
2019-09-02T10:32:42.739876+0800|INFO|--------删除【bucket】--------
2019-09-02T10:32:42.829257+0800|INFO|--------获取【bucket】实例--------
2019-09-02T10:32:42.830774+0800|INFO|--------获取【bucket】下【所有文件】--------
2019-09-02T10:32:42.921670+0800|INFO|--------删除【bucket】下【所有文件】--------
2019-09-02T10:32:42.982706+0800|INFO|--------删除【bucket】下【所有文件】--------
2019-09-02T10:32:42.983531+0800|INFO|duplicity-full-signatures.20190824T023502Z.sigtar.gpg
duplicity-full-signatures.20190828T023502Z.sigtar.gpg
duplicity-full-signatures.20190901T023502Z.sigtar.gpg
duplicity-full.20190809T023138Z.vol1.difftar.gpg
duplicity-full.20190809T023138Z.vol10.difftar.gpg
duplicity-full.20190809T023138Z.vol11.difftar.gpg
duplicity-full.20190809T023138Z.vol12.difftar.gpg
duplicity-full.20190809T023138Z.vol13.difftar.gpg
duplicity-full.20190809T023138Z.vol14.difftar.gpg
duplicity-full.20190809T023138Z.vol15.difftar.gpg
duplicity-full.20190809T023138Z.vol16.difftar.gpg
duplicity-full.20190809T023138Z.vol2.difftar.gpg
duplicity-full.20190809T023138Z.vol3.difftar.gpg
duplicity-full.20190809T023138Z.vol4.difftar.gpg
duplicity-full.20190809T023138Z.vol5.difftar.gpg
duplicity-full.20190809T023138Z.vol6.difftar.gpg
duplicity-full.20190809T023138Z.vol7.difftar.gpg
duplicity-full.20190809T023138Z.vol8.difftar.gpg
duplicity-full.20190809T023138Z.vol9.difftar.gpg
duplicity-full.20190809T023512Z.vol1.difftar.gpg
duplicity-full.20190809T023512Z.vol10.difftar.gpg
duplicity-full.20190809T023512Z.vol11.difftar.gpg
duplicity-full.20190809T023512Z.vol12.difftar.gpg
duplicity-full.20190809T023512Z.vol13.difftar.gpg
duplicity-full.20190809T023512Z.vol14.difftar.gpg
duplicity-full.20190809T023512Z.vol15.difftar.gpg
duplicity-full.20190809T023512Z.vol16.difftar.gpg
duplicity-full.20190809T023512Z.vol2.difftar.gpg
duplicity-full.20190809T023512Z.vol3.difftar.gpg
duplicity-full.20190809T023512Z.vol4.difftar.gpg
duplicity-full.20190809T023512Z.vol5.difftar.gpg
duplicity-full.20190809T023512Z.vol6.difftar.gpg
duplicity-full.20190809T023512Z.vol7.difftar.gpg
duplicity-full.20190809T023512Z.vol8.difftar.gpg
duplicity-full.20190809T023512Z.vol9.difftar.gpg
duplicity-full.20190824T023502Z.manifest.gpg
duplicity-full.20190824T023502Z.vol1.difftar.gpg
duplicity-full.20190824T023502Z.vol10.difftar.gpg
duplicity-full.20190824T023502Z.vol11.difftar.gpg
duplicity-full.20190824T023502Z.vol12.difftar.gpg
duplicity-full.20190824T023502Z.vol13.difftar.gpg
duplicity-full.20190824T023502Z.vol14.difftar.gpg
duplicity-full.20190824T023502Z.vol15.difftar.gpg
duplicity-full.20190824T023502Z.vol16.difftar.gpg
duplicity-full.20190824T023502Z.vol2.difftar.gpg
duplicity-full.20190824T023502Z.vol3.difftar.gpg
duplicity-full.20190824T023502Z.vol4.difftar.gpg
duplicity-full.20190824T023502Z.vol5.difftar.gpg
duplicity-full.20190824T023502Z.vol6.difftar.gpg
duplicity-full.20190824T023502Z.vol7.difftar.gpg
duplicity-full.20190824T023502Z.vol8.difftar.gpg
duplicity-full.20190824T023502Z.vol9.difftar.gpg
duplicity-full.20190828T023502Z.manifest.gpg
duplicity-full.20190828T023502Z.vol1.difftar.gpg
duplicity-full.20190828T023502Z.vol10.difftar.gpg
duplicity-full.20190828T023502Z.vol11.difftar.gpg
duplicity-full.20190828T023502Z.vol12.difftar.gpg
duplicity-full.20190828T023502Z.vol13.difftar.gpg
duplicity-full.20190828T023502Z.vol14.difftar.gpg
duplicity-full.20190828T023502Z.vol15.difftar.gpg
duplicity-full.20190828T023502Z.vol16.difftar.gpg
duplicity-full.20190828T023502Z.vol2.difftar.gpg
duplicity-full.20190828T023502Z.vol3.difftar.gpg
duplicity-full.20190828T023502Z.vol4.difftar.gpg
duplicity-full.20190828T023502Z.vol5.difftar.gpg
duplicity-full.20190828T023502Z.vol6.difftar.gpg
duplicity-full.20190828T023502Z.vol7.difftar.gpg
duplicity-full.20190828T023502Z.vol8.difftar.gpg
duplicity-full.20190828T023502Z.vol9.difftar.gpg
duplicity-full.20190901T023502Z.manifest.gpg
duplicity-full.20190901T023502Z.vol1.difftar.gpg
duplicity-full.20190901T023502Z.vol10.difftar.gpg
duplicity-full.20190901T023502Z.vol11.difftar.gpg
duplicity-full.20190901T023502Z.vol12.difftar.gpg
duplicity-full.20190901T023502Z.vol13.difftar.gpg
duplicity-full.20190901T023502Z.vol14.difftar.gpg
duplicity-full.20190901T023502Z.vol15.difftar.gpg
duplicity-full.20190901T023502Z.vol16.difftar.gpg
duplicity-full.20190901T023502Z.vol2.difftar.gpg
duplicity-full.20190901T023502Z.vol3.difftar.gpg
duplicity-full.20190901T023502Z.vol4.difftar.gpg
duplicity-full.20190901T023502Z.vol5.difftar.gpg
duplicity-full.20190901T023502Z.vol6.difftar.gpg
duplicity-full.20190901T023502Z.vol7.difftar.gpg
duplicity-full.20190901T023502Z.vol8.difftar.gpg
duplicity-full.20190901T023502Z.vol9.difftar.gpg
duplicity-inc.20190824T023502Z.to.20190825T023502Z.manifest.gpg
duplicity-inc.20190824T023502Z.to.20190825T023502Z.vol1.difftar.gpg
duplicity-inc.20190825T023502Z.to.20190826T023502Z.manifest.gpg
duplicity-inc.20190825T023502Z.to.20190826T023502Z.vol1.difftar.gpg
duplicity-inc.20190826T023502Z.to.20190827T023502Z.manifest.gpg
duplicity-inc.20190826T023502Z.to.20190827T023502Z.vol1.difftar.gpg
duplicity-inc.20190828T023502Z.to.20190829T023502Z.manifest.gpg
duplicity-inc.20190828T023502Z.to.20190829T023502Z.vol1.difftar.gpg
duplicity-inc.20190829T023502Z.to.20190830T023502Z.manifest.gpg
duplicity-inc.20190829T023502Z.to.20190830T023502Z.vol1.difftar.gpg
duplicity-inc.20190830T023502Z.to.20190831T023502Z.manifest.gpg
duplicity-inc.20190830T023502Z.to.20190831T023502Z.vol1.difftar.gpg
duplicity-new-signatures.20190824T023502Z.to.20190825T023502Z.sigtar.gpg
duplicity-new-signatures.20190825T023502Z.to.20190826T023502Z.sigtar.gpg
duplicity-new-signatures.20190826T023502Z.to.20190827T023502Z.sigtar.gpg
duplicity-new-signatures.20190828T023502Z.to.20190829T023502Z.sigtar.gpg
duplicity-new-signatures.20190829T023502Z.to.20190830T023502Z.sigtar.gpg
duplicity-new-signatures.20190830T023502Z.to.20190831T023502Z.sigtar.gpg
2019-09-02T10:32:42.995100+0800|INFO|--------获取【bucket】下【所有文件】--------
2019-09-02T10:32:43.011903+0800|INFO|--------删除【bucket】--------
2019-09-02T10:32:43.141899+0800|INFO|--------获取【bucket】实例--------
2019-09-02T10:32:43.143345+0800|INFO|--------获取【bucket】下【所有文件】--------
2019-09-02T10:32:43.238361+0800|INFO|--------删除【bucket】--------
2019-09-02T10:32:43.337105+0800|INFO|--------获取【bucket】实例--------
2019-09-02T10:32:43.338702+0800|INFO|--------获取【bucket】下【所有文件】--------
2019-09-02T10:32:43.411892+0800|INFO|--------删除【bucket】下【所有文件】--------
2019-09-02T10:32:43.442290+0800|INFO|--------删除【bucket】下【所有文件】--------
2019-09-02T10:32:43.443110+0800|INFO|duplicity-full-signatures.20190808T040011Z.sigtar.gpg
duplicity-full-signatures.20190809T040010Z.sigtar.gpg
duplicity-full-signatures.20190810T040008Z.sigtar.gpg
duplicity-full-signatures.20190811T040007Z.sigtar.gpg
duplicity-full-signatures.20190812T040007Z.sigtar.gpg
duplicity-full.20190808T040011Z.manifest.gpg
duplicity-full.20190808T040011Z.vol1.difftar.gpg
duplicity-full.20190809T040010Z.manifest.gpg
duplicity-full.20190809T040010Z.vol1.difftar.gpg
duplicity-full.20190810T040008Z.manifest.gpg
duplicity-full.20190810T040008Z.vol1.difftar.gpg
duplicity-full.20190811T040007Z.manifest.gpg
duplicity-full.20190811T040007Z.vol1.difftar.gpg
duplicity-full.20190812T040007Z.manifest.gpg
duplicity-full.20190812T040007Z.vol1.difftar.gpg
2019-09-02T10:32:43.448220+0800|INFO|--------获取【bucket】下【所有文件】--------
2019-09-02T10:32:43.464995+0800|INFO|--------删除【bucket】--------
2019-09-02T10:32:43.582916+0800|INFO|--------获取【bucket】实例--------
2019-09-02T10:32:43.584491+0800|INFO|--------获取【bucket】下【所有文件】--------
2019-09-02T10:32:43.673440+0800|INFO|--------删除【bucket】--------
2019-09-02T10:32:43.779894+0800|INFO|--------获取【bucket】实例--------
2019-09-02T10:32:43.781557+0800|INFO|--------获取【bucket】下【所有文件】--------
2019-09-02T10:32:43.866309+0800|INFO|--------删除【bucket】下【所有文件】--------
2019-09-02T10:32:43.895017+0800|INFO|--------删除【bucket】下【所有文件】--------
2019-09-02T10:32:43.895885+0800|INFO|duplicity-full-signatures.20190813T040002Z.sigtar.gpg
duplicity-full.20190813T040002Z.manifest.gpg
duplicity-full.20190813T040002Z.vol1.difftar.gpg
2019-09-02T10:32:43.897428+0800|INFO|--------获取【bucket】下【所有文件】--------
2019-09-02T10:32:43.914958+0800|INFO|--------删除【bucket】--------
2019-09-02T10:32:44.041491+0800|INFO|--------获取【bucket】实例--------
2019-09-02T10:32:44.042967+0800|INFO|--------获取【bucket】下【所有文件】--------
2019-09-02T10:32:44.123930+0800|INFO|--------删除【bucket】--------
2019-09-02T10:32:44.239384+0800|INFO|--------获取【bucket】实例--------
2019-09-02T10:32:44.240990+0800|INFO|--------获取【bucket】下【所有文件】--------
2019-09-02T10:32:44.316069+0800|INFO|--------删除【bucket】下【所有文件】--------
2019-09-02T10:32:44.345691+0800|INFO|--------删除【bucket】下【所有文件】--------
2019-09-02T10:32:44.346535+0800|INFO|duplicity-full-signatures.20190826T074241Z.sigtar.gpg
duplicity-full-signatures.20190827T040009Z.sigtar.gpg
duplicity-full.20190826T074241Z.manifest.gpg
duplicity-full.20190826T074241Z.vol1.difftar.gpg
duplicity-full.20190827T040009Z.manifest.gpg
duplicity-full.20190827T040009Z.vol1.difftar.gpg
2019-09-02T10:32:44.349484+0800|INFO|--------获取【bucket】下【所有文件】--------
2019-09-02T10:32:44.365821+0800|INFO|--------删除【bucket】--------
2019-09-02T10:32:44.441388+0800|INFO|--------获取【bucket】实例--------
2019-09-02T10:32:44.442901+0800|INFO|--------获取【bucket】下【所有文件】--------
2019-09-02T10:32:44.529782+0800|INFO|--------删除【bucket】下【所有文件】--------
2019-09-02T10:32:44.558847+0800|INFO|--------删除【bucket】下【所有文件】--------
2019-09-02T10:32:44.559691+0800|INFO|duplicity-full-signatures.20190826T095708Z.sigtar.gpg
duplicity-full.20190826T095708Z.manifest.gpg
duplicity-full.20190826T095708Z.vol1.difftar.gpg
2019-09-02T10:32:44.561502+0800|INFO|--------获取【bucket】下【所有文件】--------
2019-09-02T10:32:44.578124+0800|INFO|--------删除【bucket】--------
2019-09-02T10:32:44.668241+0800|INFO|--------获取【bucket】实例--------
2019-09-02T10:32:44.669885+0800|INFO|--------获取【bucket】下【所有文件】--------
2019-09-02T10:32:44.733459+0800|INFO|--------删除【bucket】--------
2019-09-02T10:32:44.865399+0800|INFO|--------获取【bucket】实例--------
2019-09-02T10:32:44.866328+0800|INFO|--------获取【bucket】下【所有文件】--------
2019-09-02T10:32:44.954772+0800|INFO|--------删除【bucket】--------
2019-09-02T10:32:45.066555+0800|INFO|已清空阿里云账号【安城数据专用】所有Bucket！
2019-09-02T10:32:45.067025+0800|INFO|已清空阿里云账号【安城数据专用】所有Bucket！
2019-09-02T10:32:45.067334+0800|INFO|已清空阿里云账号【安城数据专用】所有Bucket！
2019-09-03T19:03:42.853776+0800|INFO|--------获取所有【bucket name】--------
2019-09-03T19:03:42.938050+0800|INFO|--------获取【bucket】实例--------
2019-09-03T19:03:42.939439+0800|INFO|--------获取【bucket】下【所有文件】--------
2019-09-03T19:03:43.018815+0800|INFO|--------删除【bucket】--------
2019-09-03T19:03:43.125575+0800|INFO|--------获取【bucket】实例--------
2019-09-03T19:03:43.127069+0800|INFO|--------获取【bucket】下【所有文件】--------
2019-09-03T19:03:43.190490+0800|INFO|--------删除【bucket】--------
2019-09-03T19:03:43.281489+0800|INFO|--------获取【bucket】实例--------
2019-09-03T19:03:43.282968+0800|INFO|--------获取【bucket】下【所有文件】--------
2019-09-03T19:03:43.333195+0800|INFO|--------删除【bucket】--------
2019-09-03T19:03:43.451858+0800|INFO|--------获取【bucket】实例--------
2019-09-03T19:03:43.453476+0800|INFO|--------获取【bucket】下【所有文件】--------
2019-09-03T19:03:43.692062+0800|INFO|--------删除【bucket】--------
2019-09-03T19:03:43.812704+0800|INFO|--------获取【bucket】实例--------
2019-09-03T19:03:43.814294+0800|INFO|--------获取【bucket】下【所有文件】--------
2019-09-03T19:03:43.864171+0800|INFO|--------删除【bucket】--------
2019-09-03T19:03:43.974865+0800|INFO|--------获取【bucket】实例--------
2019-09-03T19:03:43.976435+0800|INFO|--------获取【bucket】下【所有文件】--------
2019-09-03T19:03:44.042285+0800|INFO|--------删除【bucket】--------
2019-09-03T19:03:44.172173+0800|INFO|--------获取【bucket】实例--------
2019-09-03T19:03:44.173703+0800|INFO|--------获取【bucket】下【所有文件】--------
2019-09-03T19:03:44.265646+0800|INFO|--------删除【bucket】--------
2019-09-03T19:03:44.373222+0800|INFO|--------获取【bucket】实例--------
2019-09-03T19:03:44.374603+0800|INFO|--------获取【bucket】下【所有文件】--------
2019-09-03T19:03:44.468158+0800|INFO|--------删除【bucket】--------
2019-09-03T19:03:44.589214+0800|INFO|--------获取【bucket】实例--------
2019-09-03T19:03:44.590726+0800|INFO|--------获取【bucket】下【所有文件】--------
2019-09-03T19:03:44.670532+0800|INFO|--------删除【bucket】--------
2019-09-03T19:03:44.792346+0800|INFO|--------获取【bucket】实例--------
2019-09-03T19:03:44.795304+0800|INFO|--------获取【bucket】下【所有文件】--------
2019-09-03T19:03:44.896800+0800|INFO|--------删除【bucket】--------
2019-09-03T19:03:44.988762+0800|INFO|--------获取【bucket】实例--------
2019-09-03T19:03:44.990184+0800|INFO|--------获取【bucket】下【所有文件】--------
2019-09-03T19:03:45.081790+0800|INFO|--------删除【bucket】--------
2019-09-03T19:03:45.176264+0800|INFO|--------获取【bucket】实例--------
2019-09-03T19:03:45.177807+0800|INFO|--------获取【bucket】下【所有文件】--------
2019-09-03T19:03:45.262994+0800|INFO|--------删除【bucket】--------
2019-09-03T19:03:45.388192+0800|INFO|--------获取【bucket】实例--------
2019-09-03T19:03:45.389683+0800|INFO|--------获取【bucket】下【所有文件】--------
2019-09-03T19:03:45.738699+0800|INFO|--------删除【bucket】--------
2019-09-03T19:03:45.863880+0800|INFO|--------获取【bucket】实例--------
2019-09-03T19:03:45.865488+0800|INFO|--------获取【bucket】下【所有文件】--------
2019-09-03T19:03:45.946696+0800|INFO|--------删除【bucket】--------
2019-09-03T19:03:46.086581+0800|INFO|--------获取【bucket】实例--------
2019-09-03T19:03:46.088070+0800|INFO|--------获取【bucket】下【所有文件】--------
2019-09-03T19:03:46.172208+0800|INFO|--------删除【bucket】--------
2019-09-03T19:03:46.292507+0800|INFO|--------获取【bucket】实例--------
2019-09-03T19:03:46.293974+0800|INFO|--------获取【bucket】下【所有文件】--------
2019-09-03T19:03:46.393114+0800|INFO|--------删除【bucket】--------
2019-09-03T19:03:46.471527+0800|INFO|--------获取【bucket】实例--------
2019-09-03T19:03:46.472903+0800|INFO|--------获取【bucket】下【所有文件】--------
2019-09-03T19:03:46.560709+0800|INFO|--------删除【bucket】--------
2019-09-03T19:03:46.645173+0800|INFO|--------获取【bucket】实例--------
2019-09-03T19:03:46.646680+0800|INFO|--------获取【bucket】下【所有文件】--------
2019-09-03T19:03:46.712804+0800|INFO|--------删除【bucket】--------
2019-09-03T19:03:46.822909+0800|INFO|--------获取【bucket】实例--------
2019-09-03T19:03:46.824530+0800|INFO|--------获取【bucket】下【所有文件】--------
2019-09-03T19:03:46.891401+0800|INFO|--------删除【bucket】--------
2019-09-03T19:03:46.986819+0800|INFO|--------获取【bucket】实例--------
2019-09-03T19:03:46.988379+0800|INFO|--------获取【bucket】下【所有文件】--------
2019-09-03T19:03:47.045936+0800|INFO|--------删除【bucket】下【所有文件】--------
2019-09-03T19:03:47.077668+0800|INFO|--------删除【bucket】下【所有文件】--------
2019-09-03T19:03:47.078458+0800|INFO|duplicity-full-signatures.20190902T103758Z.sigtar.gpg
duplicity-full.20190902T103758Z.manifest.gpg
duplicity-full.20190902T103758Z.vol1.difftar.gpg
2019-09-03T19:03:47.079954+0800|INFO|--------获取【bucket】下【所有文件】--------
2019-09-03T19:03:47.097874+0800|INFO|--------删除【bucket】--------
2019-09-03T19:03:47.190829+0800|INFO|--------获取【bucket】实例--------
2019-09-03T19:03:47.191859+0800|INFO|--------获取【bucket】下【所有文件】--------
2019-09-03T19:03:47.304256+0800|INFO|--------删除【bucket】下【所有文件】--------
2019-09-03T19:03:47.332448+0800|INFO|--------删除【bucket】下【所有文件】--------
2019-09-03T19:03:47.332966+0800|INFO|duplicity-full-signatures.20190903T094731Z.sigtar.gpg
duplicity-full.20190903T094731Z.manifest.gpg
duplicity-full.20190903T094731Z.vol1.difftar.gpg
2019-09-03T19:03:47.333744+0800|INFO|--------获取【bucket】下【所有文件】--------
2019-09-03T19:03:47.351004+0800|INFO|--------删除【bucket】--------
2019-09-03T19:03:47.472932+0800|INFO|--------获取【bucket】实例--------
2019-09-03T19:03:47.473946+0800|INFO|--------获取【bucket】下【所有文件】--------
2019-09-03T19:03:47.530111+0800|INFO|--------删除【bucket】--------
2019-09-03T19:03:47.618784+0800|INFO|--------获取【bucket】实例--------
2019-09-03T19:03:47.619959+0800|INFO|--------获取【bucket】下【所有文件】--------
2019-09-03T19:03:47.676676+0800|INFO|--------删除【bucket】下【所有文件】--------
2019-09-03T19:03:47.706900+0800|INFO|--------删除【bucket】下【所有文件】--------
2019-09-03T19:03:47.707368+0800|INFO|duplicity-full-signatures.20190902T023239Z.sigtar.gpg
duplicity-full.20190902T023239Z.manifest.gpg
duplicity-full.20190902T023239Z.vol1.difftar.gpg
2019-09-03T19:03:47.708050+0800|INFO|--------获取【bucket】下【所有文件】--------
2019-09-03T19:03:47.724935+0800|INFO|--------删除【bucket】--------
2019-09-03T19:03:47.825921+0800|INFO|--------获取【bucket】实例--------
2019-09-03T19:03:47.826950+0800|INFO|--------获取【bucket】下【所有文件】--------
2019-09-03T19:03:47.906359+0800|INFO|--------删除【bucket】下【所有文件】--------
2019-09-03T19:03:47.936329+0800|INFO|--------删除【bucket】下【所有文件】--------
2019-09-03T19:03:47.936799+0800|INFO|duplicity-full-signatures.20190903T023049Z.sigtar.gpg
duplicity-full.20190903T023049Z.manifest.gpg
duplicity-full.20190903T023049Z.vol1.difftar.gpg
2019-09-03T19:03:47.937153+0800|INFO|--------获取【bucket】下【所有文件】--------
2019-09-03T19:03:47.956194+0800|INFO|--------删除【bucket】--------
2019-09-03T19:03:48.071108+0800|INFO|--------获取【bucket】实例--------
2019-09-03T19:03:48.072270+0800|INFO|--------获取【bucket】下【所有文件】--------
2019-09-03T19:03:48.137083+0800|INFO|--------删除【bucket】下【所有文件】--------
2019-09-03T19:03:48.170546+0800|INFO|--------删除【bucket】下【所有文件】--------
2019-09-03T19:03:48.171012+0800|INFO|duplicity-full-signatures.20190903T040119Z.sigtar.gpg
duplicity-full.20190903T040119Z.manifest.gpg
duplicity-full.20190903T040119Z.vol1.difftar.gpg
duplicity-full.20190903T040119Z.vol10.difftar.gpg
duplicity-full.20190903T040119Z.vol11.difftar.gpg
duplicity-full.20190903T040119Z.vol12.difftar.gpg
duplicity-full.20190903T040119Z.vol13.difftar.gpg
duplicity-full.20190903T040119Z.vol14.difftar.gpg
duplicity-full.20190903T040119Z.vol2.difftar.gpg
duplicity-full.20190903T040119Z.vol3.difftar.gpg
duplicity-full.20190903T040119Z.vol4.difftar.gpg
duplicity-full.20190903T040119Z.vol5.difftar.gpg
duplicity-full.20190903T040119Z.vol6.difftar.gpg
duplicity-full.20190903T040119Z.vol7.difftar.gpg
duplicity-full.20190903T040119Z.vol8.difftar.gpg
duplicity-full.20190903T040119Z.vol9.difftar.gpg
2019-09-03T19:03:48.171703+0800|INFO|--------获取【bucket】下【所有文件】--------
2019-09-03T19:03:48.189066+0800|INFO|--------删除【bucket】--------
2019-09-03T19:03:48.283463+0800|INFO|--------获取【bucket】实例--------
2019-09-03T19:03:48.284531+0800|INFO|--------获取【bucket】下【所有文件】--------
2019-09-03T19:03:48.367722+0800|INFO|--------删除【bucket】--------
2019-09-03T19:03:48.484962+0800|INFO|--------获取【bucket】实例--------
2019-09-03T19:03:48.486138+0800|INFO|--------获取【bucket】下【所有文件】--------
2019-09-03T19:03:48.536241+0800|INFO|--------删除【bucket】--------
2019-09-03T19:03:48.666142+0800|INFO|--------获取【bucket】实例--------
2019-09-03T19:03:48.667271+0800|INFO|--------获取【bucket】下【所有文件】--------
2019-09-03T19:03:48.749213+0800|INFO|--------删除【bucket】下【所有文件】--------
2019-09-03T19:03:48.790101+0800|INFO|--------删除【bucket】下【所有文件】--------
2019-09-03T19:03:48.790604+0800|INFO|duplicity-full-signatures.20190902T023502Z.sigtar.gpg
duplicity-full.20190902T023502Z.manifest.gpg
duplicity-full.20190902T023502Z.vol1.difftar.gpg
duplicity-full.20190902T023502Z.vol10.difftar.gpg
duplicity-full.20190902T023502Z.vol11.difftar.gpg
duplicity-full.20190902T023502Z.vol12.difftar.gpg
duplicity-full.20190902T023502Z.vol13.difftar.gpg
duplicity-full.20190902T023502Z.vol14.difftar.gpg
duplicity-full.20190902T023502Z.vol15.difftar.gpg
duplicity-full.20190902T023502Z.vol16.difftar.gpg
duplicity-full.20190902T023502Z.vol2.difftar.gpg
duplicity-full.20190902T023502Z.vol3.difftar.gpg
duplicity-full.20190902T023502Z.vol4.difftar.gpg
duplicity-full.20190902T023502Z.vol5.difftar.gpg
duplicity-full.20190902T023502Z.vol6.difftar.gpg
duplicity-full.20190902T023502Z.vol7.difftar.gpg
duplicity-full.20190902T023502Z.vol8.difftar.gpg
duplicity-full.20190902T023502Z.vol9.difftar.gpg
2019-09-03T19:03:48.791148+0800|INFO|--------获取【bucket】下【所有文件】--------
2019-09-03T19:03:48.809699+0800|INFO|--------删除【bucket】--------
2019-09-03T19:03:48.915869+0800|INFO|--------获取【bucket】实例--------
2019-09-03T19:03:48.916866+0800|INFO|--------获取【bucket】下【所有文件】--------
2019-09-03T19:03:48.979744+0800|INFO|--------删除【bucket】下【所有文件】--------
2019-09-03T19:03:49.010160+0800|INFO|--------删除【bucket】下【所有文件】--------
2019-09-03T19:03:49.010755+0800|INFO|duplicity-full-signatures.20190903T021637Z.sigtar.gpg
duplicity-full.20190903T021637Z.manifest.gpg
duplicity-full.20190903T021637Z.vol1.difftar.gpg
duplicity-inc.20190903T021637Z.to.20190903T022442Z.manifest.gpg
duplicity-inc.20190903T021637Z.to.20190903T022442Z.vol1.difftar.gpg
duplicity-inc.20190903T022442Z.to.20190903T040003Z.manifest.gpg
duplicity-inc.20190903T022442Z.to.20190903T040003Z.vol1.difftar.gpg
duplicity-inc.20190903T040003Z.to.20190903T062459Z.manifest.gpg
duplicity-inc.20190903T040003Z.to.20190903T062459Z.vol1.difftar.gpg
duplicity-new-signatures.20190903T021637Z.to.20190903T022442Z.sigtar.gpg
duplicity-new-signatures.20190903T022442Z.to.20190903T040003Z.sigtar.gpg
duplicity-new-signatures.20190903T040003Z.to.20190903T062459Z.sigtar.gpg
2019-09-03T19:03:49.011624+0800|INFO|--------获取【bucket】下【所有文件】--------
2019-09-03T19:03:49.029126+0800|INFO|--------删除【bucket】--------
2019-09-03T19:03:49.122774+0800|INFO|--------获取【bucket】实例--------
2019-09-03T19:03:49.123836+0800|INFO|--------获取【bucket】下【所有文件】--------
2019-09-03T19:03:49.217375+0800|INFO|--------删除【bucket】--------
2019-09-03T19:03:49.308352+0800|INFO|已清空阿里云账号【安城数据专用】所有Bucket！
2019-09-03T19:03:49.308884+0800|INFO|已清空阿里云账号【安城数据专用】所有Bucket！
2019-09-03T19:03:49.309212+0800|INFO|已清空阿里云账号【安城数据专用】所有Bucket！
2019-09-12T18:13:00.556213+0800|INFO|--------获取所有【bucket name】--------
2019-09-12T18:13:00.685606+0800|INFO|--------获取【bucket】实例--------
2019-09-12T18:13:00.686365+0800|INFO|--------获取【bucket】下【所有文件】--------
2019-09-12T18:13:00.754596+0800|INFO|--------删除【bucket】--------
2019-09-12T18:13:00.881005+0800|INFO|--------获取【bucket】实例--------
2019-09-12T18:13:00.882030+0800|INFO|--------获取【bucket】下【所有文件】--------
2019-09-12T18:13:00.968712+0800|INFO|--------删除【bucket】--------
2019-09-12T18:13:01.086009+0800|INFO|--------获取【bucket】实例--------
2019-09-12T18:13:01.087299+0800|INFO|--------获取【bucket】下【所有文件】--------
2019-09-12T18:13:01.179614+0800|INFO|--------删除【bucket】--------
2019-09-12T18:13:01.350726+0800|INFO|--------获取【bucket】实例--------
2019-09-12T18:13:01.352044+0800|INFO|--------获取【bucket】下【所有文件】--------
2019-09-12T18:13:01.443157+0800|INFO|--------删除【bucket】下【所有文件】--------
2019-09-12T18:13:01.579362+0800|INFO|--------删除【bucket】下【所有文件】--------
2019-09-12T18:13:01.580126+0800|INFO|duplicity-full-signatures.20190911T023035Z.sigtar.gpg
duplicity-full-signatures.20190912T023033Z.sigtar.gpg
duplicity-full.20190911T023035Z.manifest.gpg
duplicity-full.20190911T023035Z.vol1.difftar.gpg
duplicity-full.20190912T023033Z.manifest.gpg
duplicity-full.20190912T023033Z.vol1.difftar.gpg
duplicity-full.20190912T023033Z.vol2.difftar.gpg
2019-09-12T18:13:01.580731+0800|INFO|--------获取【bucket】下【所有文件】--------
2019-09-12T18:13:01.598064+0800|INFO|--------删除【bucket】--------
2019-09-12T18:13:01.701828+0800|INFO|--------获取【bucket】实例--------
2019-09-12T18:13:01.703022+0800|INFO|--------获取【bucket】下【所有文件】--------
2019-09-12T18:13:01.760523+0800|INFO|--------删除【bucket】下【所有文件】--------
2019-09-12T18:13:01.792421+0800|INFO|--------删除【bucket】下【所有文件】--------
2019-09-12T18:13:01.792887+0800|INFO|duplicity-full-signatures.20190912T040115Z.sigtar.gpg
duplicity-full.20190912T040115Z.manifest.gpg
duplicity-full.20190912T040115Z.vol1.difftar.gpg
duplicity-full.20190912T040115Z.vol2.difftar.gpg
duplicity-full.20190912T040115Z.vol3.difftar.gpg
2019-09-12T18:13:01.793464+0800|INFO|--------获取【bucket】下【所有文件】--------
2019-09-12T18:13:01.810214+0800|INFO|--------删除【bucket】--------
2019-09-12T18:13:01.936134+0800|INFO|--------获取【bucket】实例--------
2019-09-12T18:13:01.937161+0800|INFO|--------获取【bucket】下【所有文件】--------
2019-09-12T18:13:02.000943+0800|INFO|--------删除【bucket】下【所有文件】--------
2019-09-12T18:13:02.030694+0800|INFO|--------删除【bucket】下【所有文件】--------
2019-09-12T18:13:02.031165+0800|INFO|duplicity-full-signatures.20190909T090005Z.sigtar.gpg
duplicity-full.20190909T090005Z.manifest.gpg
duplicity-full.20190909T090005Z.vol1.difftar.gpg
duplicity-inc.20190909T090005Z.to.20190911T090012Z.manifest.gpg
duplicity-inc.20190909T090005Z.to.20190911T090012Z.vol1.difftar.gpg
duplicity-new-signatures.20190909T090005Z.to.20190911T090012Z.sigtar.gpg
2019-09-12T18:13:02.032151+0800|INFO|--------获取【bucket】下【所有文件】--------
2019-09-12T18:13:02.049662+0800|INFO|--------删除【bucket】--------
2019-09-12T18:13:02.168945+0800|INFO|--------获取【bucket】实例--------
2019-09-12T18:13:02.170098+0800|INFO|--------获取【bucket】下【所有文件】--------
2019-09-12T18:13:02.233787+0800|INFO|--------删除【bucket】下【所有文件】--------
2019-09-12T18:13:02.263333+0800|INFO|--------删除【bucket】下【所有文件】--------
2019-09-12T18:13:02.263878+0800|INFO|duplicity-full-signatures.20190909T090006Z.sigtar.gpg
duplicity-full.20190909T090006Z.manifest.gpg
duplicity-full.20190909T090006Z.vol1.difftar.gpg
duplicity-inc.20190909T090006Z.to.20190910T090005Z.manifest.gpg
duplicity-inc.20190909T090006Z.to.20190910T090005Z.vol1.difftar.gpg
duplicity-new-signatures.20190909T090006Z.to.20190910T090005Z.sigtar.gpg
2019-09-12T18:13:02.264705+0800|INFO|--------获取【bucket】下【所有文件】--------
2019-09-12T18:13:02.281883+0800|INFO|--------删除【bucket】--------
2019-09-12T18:13:02.385727+0800|INFO|已清空阿里云账号【安城数据专用】所有Bucket！
2019-09-12T18:13:02.386228+0800|INFO|已清空阿里云账号【安城数据专用】所有Bucket！
2019-09-12T18:13:02.387003+0800|INFO|已清空阿里云账号【安城数据专用】所有Bucket！
2019-09-25T15:12:46.523043+0800|INFO|--------获取所有【bucket name】--------
2019-09-25T15:12:46.657593+0800|INFO|--------获取【bucket】实例--------
2019-09-25T15:12:46.658380+0800|INFO|--------获取【bucket】下【所有文件】--------
2019-09-25T15:12:46.748574+0800|INFO|--------删除【bucket】--------
2019-09-25T15:12:46.839432+0800|INFO|--------获取【bucket】实例--------
2019-09-25T15:12:46.840371+0800|INFO|--------获取【bucket】下【所有文件】--------
2019-09-25T15:12:46.896146+0800|INFO|--------删除【bucket】--------
2019-09-25T15:12:47.017014+0800|INFO|--------获取【bucket】实例--------
2019-09-25T15:12:47.017911+0800|INFO|--------获取【bucket】下【所有文件】--------
2019-09-25T15:12:47.070484+0800|INFO|--------删除【bucket】--------
2019-09-25T15:12:47.185839+0800|INFO|--------获取【bucket】实例--------
2019-09-25T15:12:47.186712+0800|INFO|--------获取【bucket】下【所有文件】--------
2019-09-25T15:12:47.276337+0800|INFO|--------删除【bucket】--------
2019-09-25T15:12:47.404150+0800|INFO|--------获取【bucket】实例--------
2019-09-25T15:12:47.405056+0800|INFO|--------获取【bucket】下【所有文件】--------
2019-09-25T15:12:47.492927+0800|INFO|--------删除【bucket】--------
2019-09-25T15:12:47.587241+0800|INFO|--------获取【bucket】实例--------
2019-09-25T15:12:47.588199+0800|INFO|--------获取【bucket】下【所有文件】--------
2019-09-25T15:12:47.651905+0800|INFO|--------删除【bucket】--------
2019-09-25T15:12:47.769238+0800|INFO|--------获取【bucket】实例--------
2019-09-25T15:12:47.770729+0800|INFO|--------获取【bucket】下【所有文件】--------
2019-09-25T15:12:47.848780+0800|INFO|--------删除【bucket】--------
2019-09-25T15:12:47.967739+0800|INFO|--------获取【bucket】实例--------
2019-09-25T15:12:47.969204+0800|INFO|--------获取【bucket】下【所有文件】--------
2019-09-25T15:12:48.040268+0800|INFO|--------删除【bucket】--------
2019-09-25T15:12:48.117916+0800|INFO|--------获取【bucket】实例--------
2019-09-25T15:12:48.119434+0800|INFO|--------获取【bucket】下【所有文件】--------
2019-09-25T15:12:48.184330+0800|INFO|--------删除【bucket】--------
2019-09-25T15:12:48.317857+0800|INFO|--------获取【bucket】实例--------
2019-09-25T15:12:48.319343+0800|INFO|--------获取【bucket】下【所有文件】--------
2019-09-25T15:12:48.391178+0800|INFO|--------删除【bucket】--------
2019-09-25T15:12:48.524406+0800|INFO|--------获取【bucket】实例--------
2019-09-25T15:12:48.525922+0800|INFO|--------获取【bucket】下【所有文件】--------
2019-09-25T15:12:48.612973+0800|INFO|--------删除【bucket】--------
2019-09-25T15:12:48.734653+0800|INFO|--------获取【bucket】实例--------
2019-09-25T15:12:48.736140+0800|INFO|--------获取【bucket】下【所有文件】--------
2019-09-25T15:12:48.777624+0800|INFO|--------删除【bucket】下【所有文件】--------
2019-09-25T15:12:48.805038+0800|INFO|--------删除【bucket】下【所有文件】--------
2019-09-25T15:12:48.805837+0800|INFO|duplicity-full-signatures.20190925T064934Z.sigtar.gpg
duplicity-full.20190925T064934Z.manifest.gpg
duplicity-full.20190925T064934Z.vol1.difftar.gpg
2019-09-25T15:12:48.807400+0800|INFO|--------获取【bucket】下【所有文件】--------
2019-09-25T15:12:48.823087+0800|INFO|--------删除【bucket】--------
2019-09-25T15:12:48.964544+0800|INFO|--------获取【bucket】实例--------
2019-09-25T15:12:48.966167+0800|INFO|--------获取【bucket】下【所有文件】--------
2019-09-25T15:12:49.050245+0800|INFO|--------删除【bucket】下【所有文件】--------
2019-09-25T15:12:49.082390+0800|INFO|--------删除【bucket】下【所有文件】--------
2019-09-25T15:12:49.083278+0800|INFO|duplicity-full-signatures.20190915T090008Z.sigtar.gpg
duplicity-full.20190915T090008Z.manifest.gpg
duplicity-full.20190915T090008Z.vol1.difftar.gpg
2019-09-25T15:12:49.084789+0800|INFO|--------获取【bucket】下【所有文件】--------
2019-09-25T15:12:49.101220+0800|INFO|--------删除【bucket】--------
2019-09-25T15:12:49.232368+0800|INFO|--------获取【bucket】实例--------
2019-09-25T15:12:49.233821+0800|INFO|--------获取【bucket】下【所有文件】--------
2019-09-25T15:12:49.327789+0800|INFO|--------删除【bucket】下【所有文件】--------
2019-09-25T15:12:49.358277+0800|INFO|--------删除【bucket】下【所有文件】--------
2019-09-25T15:12:49.359104+0800|INFO|duplicity-full-signatures.20190921T090003Z.sigtar.gpg
duplicity-full.20190921T090003Z.manifest.gpg
duplicity-full.20190921T090003Z.vol1.difftar.gpg
duplicity-inc.20190921T090003Z.to.20190923T090002Z.manifest.gpg
duplicity-inc.20190921T090003Z.to.20190923T090002Z.vol1.difftar.gpg
duplicity-new-signatures.20190921T090003Z.to.20190923T090002Z.sigtar.gpg
2019-09-25T15:12:49.361694+0800|INFO|--------获取【bucket】下【所有文件】--------
2019-09-25T15:12:49.379574+0800|INFO|--------删除【bucket】--------
2019-09-25T15:12:49.479685+0800|INFO|--------获取【bucket】实例--------
2019-09-25T15:12:49.481222+0800|INFO|--------获取【bucket】下【所有文件】--------
2019-09-25T15:12:49.574404+0800|INFO|--------删除【bucket】下【所有文件】--------
2019-09-25T15:12:49.607394+0800|INFO|--------删除【bucket】下【所有文件】--------
2019-09-25T15:12:49.608212+0800|INFO|duplicity-full-signatures.20190924T023041Z.sigtar.gpg
duplicity-full-signatures.20190925T023038Z.sigtar.gpg
duplicity-full.20190924T023041Z.manifest.gpg
duplicity-full.20190924T023041Z.vol1.difftar.gpg
duplicity-full.20190924T023041Z.vol2.difftar.gpg
duplicity-full.20190925T023038Z.manifest.gpg
duplicity-full.20190925T023038Z.vol1.difftar.gpg
duplicity-full.20190925T023038Z.vol2.difftar.gpg
2019-09-25T15:12:49.611101+0800|INFO|--------获取【bucket】下【所有文件】--------
2019-09-25T15:12:49.627310+0800|INFO|--------删除【bucket】--------
2019-09-25T15:12:49.770453+0800|INFO|--------获取【bucket】实例--------
2019-09-25T15:12:49.771978+0800|INFO|--------获取【bucket】下【所有文件】--------
2019-09-25T15:12:49.828397+0800|INFO|--------删除【bucket】下【所有文件】--------
2019-09-25T15:12:49.861212+0800|INFO|--------删除【bucket】下【所有文件】--------
2019-09-25T15:12:49.861985+0800|INFO|duplicity-full-signatures.20190925T040126Z.sigtar.gpg
duplicity-full.20190925T040126Z.manifest.gpg
duplicity-full.20190925T040126Z.vol1.difftar.gpg
duplicity-full.20190925T040126Z.vol2.difftar.gpg
duplicity-full.20190925T040126Z.vol3.difftar.gpg
2019-09-25T15:12:49.864155+0800|INFO|--------获取【bucket】下【所有文件】--------
2019-09-25T15:12:49.880051+0800|INFO|--------删除【bucket】--------
2019-09-25T15:12:49.973900+0800|INFO|--------获取【bucket】实例--------
2019-09-25T15:12:49.975492+0800|INFO|--------获取【bucket】下【所有文件】--------
2019-09-25T15:12:50.075160+0800|INFO|--------删除【bucket】下【所有文件】--------
2019-09-25T15:12:50.101646+0800|INFO|--------删除【bucket】下【所有文件】--------
2019-09-25T15:12:50.102455+0800|INFO|duplicity-full-signatures.20190920T023005Z.sigtar.gpg
duplicity-full.20190920T023005Z.manifest.gpg
duplicity-full.20190920T023005Z.vol1.difftar.gpg
2019-09-25T15:12:50.104048+0800|INFO|--------获取【bucket】下【所有文件】--------
2019-09-25T15:12:50.119609+0800|INFO|--------删除【bucket】--------
2019-09-25T15:12:50.221309+0800|INFO|--------获取【bucket】实例--------
2019-09-25T15:12:50.222743+0800|INFO|--------获取【bucket】下【所有文件】--------
2019-09-25T15:12:50.301520+0800|INFO|--------删除【bucket】下【所有文件】--------
2019-09-25T15:12:50.339558+0800|INFO|--------删除【bucket】下【所有文件】--------
2019-09-25T15:12:50.340298+0800|INFO|duplicity-full-signatures.20190921T040008Z.sigtar.gpg
duplicity-full.20190921T040008Z.manifest.gpg
duplicity-full.20190921T040008Z.vol1.difftar.gpg
duplicity-full.20190921T040008Z.vol2.difftar.gpg
duplicity-full.20190921T040008Z.vol3.difftar.gpg
duplicity-full.20190921T040008Z.vol4.difftar.gpg
duplicity-full.20190921T040008Z.vol5.difftar.gpg
duplicity-full.20190921T040008Z.vol6.difftar.gpg
duplicity-full.20190921T040008Z.vol7.difftar.gpg
duplicity-full.20190921T040008Z.vol8.difftar.gpg
duplicity-inc.20190921T040008Z.to.20190922T040006Z.manifest.gpg
duplicity-inc.20190921T040008Z.to.20190922T040006Z.vol1.difftar.gpg
duplicity-new-signatures.20190921T040008Z.to.20190922T040006Z.sigtar.gpg
2019-09-25T15:12:50.345018+0800|INFO|--------获取【bucket】下【所有文件】--------
2019-09-25T15:12:50.360580+0800|INFO|--------删除【bucket】--------
2019-09-25T15:12:50.505749+0800|INFO|--------获取【bucket】实例--------
2019-09-25T15:12:50.507215+0800|INFO|--------获取【bucket】下【所有文件】--------
2019-09-25T15:12:50.563419+0800|INFO|--------删除【bucket】下【所有文件】--------
2019-09-25T15:12:50.596721+0800|INFO|--------删除【bucket】下【所有文件】--------
2019-09-25T15:12:50.597545+0800|INFO|duplicity-full-signatures.20190913T040009Z.sigtar.gpg
duplicity-full-signatures.20190914T040005Z.sigtar.gpg
duplicity-full-signatures.20190915T040005Z.sigtar.gpg
duplicity-full.20190913T040009Z.manifest.gpg
duplicity-full.20190913T040009Z.vol1.difftar.gpg
duplicity-full.20190914T040005Z.manifest.gpg
duplicity-full.20190914T040005Z.vol1.difftar.gpg
duplicity-full.20190915T040005Z.manifest.gpg
duplicity-full.20190915T040005Z.vol1.difftar.gpg
2019-09-25T15:12:50.600803+0800|INFO|--------获取【bucket】下【所有文件】--------
2019-09-25T15:12:50.617443+0800|INFO|--------删除【bucket】--------
2019-09-25T15:12:50.728739+0800|INFO|--------获取【bucket】实例--------
2019-09-25T15:12:50.730214+0800|INFO|--------获取【bucket】下【所有文件】--------
2019-09-25T15:12:50.816045+0800|INFO|--------删除【bucket】下【所有文件】--------
2019-09-25T15:12:50.844342+0800|INFO|--------删除【bucket】下【所有文件】--------
2019-09-25T15:12:50.845120+0800|INFO|duplicity-full-signatures.20190924T090004Z.sigtar.gpg
duplicity-full.20190924T090004Z.manifest.gpg
duplicity-full.20190924T090004Z.vol1.difftar.gpg
2019-09-25T15:12:50.846573+0800|INFO|--------获取【bucket】下【所有文件】--------
2019-09-25T15:12:50.862237+0800|INFO|--------删除【bucket】--------
2019-09-25T15:12:50.955729+0800|INFO|已清空阿里云账号【安城数据专用】所有Bucket！
2019-09-25T15:12:50.956554+0800|INFO|已清空阿里云账号【安城数据专用】所有Bucket！
2019-09-25T15:12:50.957394+0800|INFO|已清空阿里云账号【安城数据专用】所有Bucket！
