2019/08/21 17:25:31 INFO  - jmeter.util.JMeterUtils: Setting Locale to zh_CN 
2019/08/21 17:25:33 INFO  - jmeter.JMeter: Loading user properties from: E:\Project\lyon_proj\jmeter\install\apache-jmeter-3.1\bin\user.properties 
2019/08/21 17:25:33 INFO  - jmeter.JMeter: Loading system properties from: E:\Project\lyon_proj\jmeter\install\apache-jmeter-3.1\bin\system.properties 
2019/08/21 17:25:33 INFO  - jmeter.JMeter: Copyright (c) 1998-2016 The Apache Software Foundation 
2019/08/21 17:25:33 INFO  - jmeter.JMeter: Version 3.1 r1770033 
2019/08/21 17:25:33 INFO  - jmeter.JMeter: java.version=1.8.0_112 
2019/08/21 17:25:33 INFO  - jmeter.JMeter: java.vm.name=Java HotSpot(TM) 64-Bit Server VM 
2019/08/21 17:25:33 INFO  - jmeter.JMeter: os.name=Windows 10 
2019/08/21 17:25:33 INFO  - jmeter.JMeter: os.arch=amd64 
2019/08/21 17:25:33 INFO  - jmeter.JMeter: os.version=10.0 
2019/08/21 17:25:33 INFO  - jmeter.JMeter: file.encoding=GBK 
2019/08/21 17:25:33 INFO  - jmeter.JMeter: Max memory     =4216324096 
2019/08/21 17:25:33 INFO  - jmeter.JMeter: Available Processors =4 
2019/08/21 17:25:33 INFO  - jmeter.JMeter: Default Locale=中文 (中国) 
2019/08/21 17:25:33 INFO  - jmeter.JMeter: JMeter  Locale=中文 (中国) 
2019/08/21 17:25:33 INFO  - jmeter.JMeter: JMeterHome=E:\Project\lyon_proj\jmeter\install\apache-jmeter-3.1 
2019/08/21 17:25:33 INFO  - jmeter.JMeter: user.dir  =E:\Project\lyon_proj\jmeter\install\apache-jmeter-3.1\bin 
2019/08/21 17:25:33 INFO  - jmeter.JMeter: PWD       =E:\Project\lyon_proj\jmeter\install\apache-jmeter-3.1\bin 
2019/08/21 17:25:33 INFO  - jmeter.JMeter: IP: 192.168.56.1 Name: DESKTOP-TRMOAJQ FullName: windows10.microdone.cn 
2019/08/21 17:25:33 INFO  - jmeter.gui.action.LookAndFeelCommand: Using look and feel: javax.swing.plaf.metal.MetalLookAndFeel [Metal, CrossPlatform] 
2019/08/21 17:25:33 INFO  - jmeter.JMeter: Loaded icon properties from org/apache/jmeter/images/icon.properties 
2019/08/21 17:25:34 INFO  - jmeter.engine.util.CompoundVariable: Note: Function class names must contain the string: '.functions.' 
2019/08/21 17:25:34 INFO  - jmeter.engine.util.CompoundVariable: Note: Function class names must not contain the string: '.gui.' 
2019/08/21 17:25:50 WARN  - org.jmeterplugins.repository.Plugin: Unable to load class: kg.apc.cmdtools.ReporterTool java.lang.NoClassDefFoundError: kg/apc/cmdtools/AbstractCMDTool
	at java.lang.ClassLoader.defineClass1(Native Method)
	at java.lang.ClassLoader.defineClass(Unknown Source)
	at java.security.SecureClassLoader.defineClass(Unknown Source)
	at java.net.URLClassLoader.defineClass(Unknown Source)
	at java.net.URLClassLoader.access$100(Unknown Source)
	at java.net.URLClassLoader$1.run(Unknown Source)
	at java.net.URLClassLoader$1.run(Unknown Source)
	at java.security.AccessController.doPrivileged(Native Method)
	at java.net.URLClassLoader.findClass(Unknown Source)
	at java.lang.ClassLoader.loadClass(Unknown Source)
	at java.lang.ClassLoader.loadClass(Unknown Source)
	at org.jmeterplugins.repository.Plugin.getJARPath(Plugin.java:178)
	at org.jmeterplugins.repository.Plugin.detectInstalledPlugin(Plugin.java:92)
	at org.jmeterplugins.repository.Plugin.detectInstalled(Plugin.java:81)
	at org.jmeterplugins.repository.PluginManager.load(PluginManager.java:58)
	at org.jmeterplugins.repository.PluginManagerMenuItem.<init>(PluginManagerMenuItem.java:28)
	at org.jmeterplugins.repository.PluginManagerMenuCreator.getMenuItemsAtLocation(PluginManagerMenuCreator.java:22)
	at org.apache.jmeter.gui.util.JMeterMenuBar.addPluginsMenuItems(JMeterMenuBar.java:572)
	at org.apache.jmeter.gui.util.JMeterMenuBar.makeOptionsMenu(JMeterMenuBar.java:349)
	at org.apache.jmeter.gui.util.JMeterMenuBar.createMenuBar(JMeterMenuBar.java:268)
	at org.apache.jmeter.gui.util.JMeterMenuBar.<init>(JMeterMenuBar.java:161)
	at org.apache.jmeter.gui.MainFrame.init(MainFrame.java:493)
	at org.apache.jmeter.gui.MainFrame.<init>(MainFrame.java:241)
	at org.apache.jmeter.JMeter.startGui(JMeter.java:330)
	at org.apache.jmeter.JMeter.start(JMeter.java:483)
	at sun.reflect.NativeMethodAccessorImpl.invoke0(Native Method)
	at sun.reflect.NativeMethodAccessorImpl.invoke(Unknown Source)
	at sun.reflect.DelegatingMethodAccessorImpl.invoke(Unknown Source)
	at java.lang.reflect.Method.invoke(Unknown Source)
	at org.apache.jmeter.NewDriver.main(NewDriver.java:259)
Caused by: java.lang.ClassNotFoundException: kg.apc.cmdtools.AbstractCMDTool
	at java.net.URLClassLoader.findClass(Unknown Source)
	at java.lang.ClassLoader.loadClass(Unknown Source)
	at java.lang.ClassLoader.loadClass(Unknown Source)
	... 30 more

2019/08/21 17:25:50 WARN  - org.jmeterplugins.repository.Plugin: Unable to load class: kg.apc.cmdtools.FilterResultsTool java.lang.NoClassDefFoundError: kg/apc/cmdtools/AbstractCMDTool
	at java.lang.ClassLoader.defineClass1(Native Method)
	at java.lang.ClassLoader.defineClass(Unknown Source)
	at java.security.SecureClassLoader.defineClass(Unknown Source)
	at java.net.URLClassLoader.defineClass(Unknown Source)
	at java.net.URLClassLoader.access$100(Unknown Source)
	at java.net.URLClassLoader$1.run(Unknown Source)
	at java.net.URLClassLoader$1.run(Unknown Source)
	at java.security.AccessController.doPrivileged(Native Method)
	at java.net.URLClassLoader.findClass(Unknown Source)
	at java.lang.ClassLoader.loadClass(Unknown Source)
	at java.lang.ClassLoader.loadClass(Unknown Source)
	at org.jmeterplugins.repository.Plugin.getJARPath(Plugin.java:178)
	at org.jmeterplugins.repository.Plugin.detectInstalledPlugin(Plugin.java:92)
	at org.jmeterplugins.repository.Plugin.detectInstalled(Plugin.java:81)
	at org.jmeterplugins.repository.PluginManager.load(PluginManager.java:58)
	at org.jmeterplugins.repository.PluginManagerMenuItem.<init>(PluginManagerMenuItem.java:28)
	at org.jmeterplugins.repository.PluginManagerMenuCreator.getMenuItemsAtLocation(PluginManagerMenuCreator.java:22)
	at org.apache.jmeter.gui.util.JMeterMenuBar.addPluginsMenuItems(JMeterMenuBar.java:572)
	at org.apache.jmeter.gui.util.JMeterMenuBar.makeOptionsMenu(JMeterMenuBar.java:349)
	at org.apache.jmeter.gui.util.JMeterMenuBar.createMenuBar(JMeterMenuBar.java:268)
	at org.apache.jmeter.gui.util.JMeterMenuBar.<init>(JMeterMenuBar.java:161)
	at org.apache.jmeter.gui.MainFrame.init(MainFrame.java:493)
	at org.apache.jmeter.gui.MainFrame.<init>(MainFrame.java:241)
	at org.apache.jmeter.JMeter.startGui(JMeter.java:330)
	at org.apache.jmeter.JMeter.start(JMeter.java:483)
	at sun.reflect.NativeMethodAccessorImpl.invoke0(Native Method)
	at sun.reflect.NativeMethodAccessorImpl.invoke(Unknown Source)
	at sun.reflect.DelegatingMethodAccessorImpl.invoke(Unknown Source)
	at java.lang.reflect.Method.invoke(Unknown Source)
	at org.apache.jmeter.NewDriver.main(NewDriver.java:259)
Caused by: java.lang.ClassNotFoundException: kg.apc.cmdtools.AbstractCMDTool
	at java.net.URLClassLoader.findClass(Unknown Source)
	at java.lang.ClassLoader.loadClass(Unknown Source)
	at java.lang.ClassLoader.loadClass(Unknown Source)
	... 30 more

2019/08/21 17:25:50 WARN  - org.jmeterplugins.repository.Plugin: Unable to load class: kg.apc.cmdtools.TestPlanCheckTool java.lang.NoClassDefFoundError: kg/apc/cmdtools/AbstractCMDTool
	at java.lang.ClassLoader.defineClass1(Native Method)
	at java.lang.ClassLoader.defineClass(Unknown Source)
	at java.security.SecureClassLoader.defineClass(Unknown Source)
	at java.net.URLClassLoader.defineClass(Unknown Source)
	at java.net.URLClassLoader.access$100(Unknown Source)
	at java.net.URLClassLoader$1.run(Unknown Source)
	at java.net.URLClassLoader$1.run(Unknown Source)
	at java.security.AccessController.doPrivileged(Native Method)
	at java.net.URLClassLoader.findClass(Unknown Source)
	at java.lang.ClassLoader.loadClass(Unknown Source)
	at java.lang.ClassLoader.loadClass(Unknown Source)
	at org.jmeterplugins.repository.Plugin.getJARPath(Plugin.java:178)
	at org.jmeterplugins.repository.Plugin.detectInstalledPlugin(Plugin.java:92)
	at org.jmeterplugins.repository.Plugin.detectInstalled(Plugin.java:81)
	at org.jmeterplugins.repository.PluginManager.load(PluginManager.java:58)
	at org.jmeterplugins.repository.PluginManagerMenuItem.<init>(PluginManagerMenuItem.java:28)
	at org.jmeterplugins.repository.PluginManagerMenuCreator.getMenuItemsAtLocation(PluginManagerMenuCreator.java:22)
	at org.apache.jmeter.gui.util.JMeterMenuBar.addPluginsMenuItems(JMeterMenuBar.java:572)
	at org.apache.jmeter.gui.util.JMeterMenuBar.makeOptionsMenu(JMeterMenuBar.java:349)
	at org.apache.jmeter.gui.util.JMeterMenuBar.createMenuBar(JMeterMenuBar.java:268)
	at org.apache.jmeter.gui.util.JMeterMenuBar.<init>(JMeterMenuBar.java:161)
	at org.apache.jmeter.gui.MainFrame.init(MainFrame.java:493)
	at org.apache.jmeter.gui.MainFrame.<init>(MainFrame.java:241)
	at org.apache.jmeter.JMeter.startGui(JMeter.java:330)
	at org.apache.jmeter.JMeter.start(JMeter.java:483)
	at sun.reflect.NativeMethodAccessorImpl.invoke0(Native Method)
	at sun.reflect.NativeMethodAccessorImpl.invoke(Unknown Source)
	at sun.reflect.DelegatingMethodAccessorImpl.invoke(Unknown Source)
	at java.lang.reflect.Method.invoke(Unknown Source)
	at org.apache.jmeter.NewDriver.main(NewDriver.java:259)
Caused by: java.lang.ClassNotFoundException: kg.apc.cmdtools.AbstractCMDTool
	at java.net.URLClassLoader.findClass(Unknown Source)
	at java.lang.ClassLoader.loadClass(Unknown Source)
	at java.lang.ClassLoader.loadClass(Unknown Source)
	... 30 more

2019/08/21 17:25:52 INFO  - org.jmeterplugins.repository.PluginManager: Plugins Status: [jpgc-graphs-basic=0.0.0-STOCK, jpgc-graphs-additional=0.0.0-STOCK, jpgc-autostop=0.0.0-STOCK, jpgc-sense=0.0.0-STOCK, jpgc-graphs-composite=0.0.0-STOCK, jpgc-csl=0.0.0-STOCK, jpgc-functions=0.0.0-STOCK, jpgc-casutg=0.0.0-STOCK, jpgc-dbmon=0.0.0-STOCK, jpgc-graphs-dist=0.0.0-STOCK, jpgc-dummy=0.0.0-STOCK, jpgc-ffw=0.0.0-STOCK, jpgc-ggl=0.0.0-STOCK, jpgc-httpraw=0.0.0-STOCK, jpgc-sts=0.0.0-STOCK, jpgc-fifo=0.0.0-STOCK, jpgc-jmxmon=0.0.0-STOCK, jpgc-graphs-vs=0.0.0-STOCK, jpgc-lockfile=0.0.0-STOCK, jpgc-mergeresults=0.0.0-STOCK, jpgc-pde=0.0.0-STOCK, jpgc-prmctl=0.0.0-STOCK, jpgc-perfmon=0.0.0-STOCK, jpgc-plugins-manager=0.12, jpgc-synthesis=0.0.0-STOCK, jpgc-tst=0.0.0-STOCK, jpgc-udp=0.0.0-STOCK, jpgc-csvars=0.0.0-STOCK, jpgc-wsc=0.0.0-STOCK, jpgc-xml=0.0.0-STOCK, jmeter-core=3.1, jmeter-ftp=3.1, jmeter-http=3.1, jmeter-jdbc=3.1, jmeter-jms=3.1, jmeter-junit=3.1, jmeter-java=3.1, jmeter-ldap=3.1, jmeter-mail=3.1, jmeter-mongodb=3.1, jmeter-native=3.1, jmeter-tcp=3.1, jmeter-components=3.1, jpgc-standard=2.0] 
2019/08/21 17:25:52 INFO  - kg.apc.jmeter.JMeterPluginsUtils: JMeter-Plugins.org v.1.4.0 
2019/08/21 17:25:53 INFO  - jmeter.gui.util.MenuFactory: Skipping org.apache.jmeter.assertions.BSFAssertion 
2019/08/21 17:25:53 INFO  - jmeter.gui.util.MenuFactory: Skipping org.apache.jmeter.extractor.BSFPostProcessor 
2019/08/21 17:25:53 INFO  - jmeter.gui.util.MenuFactory: Skipping org.apache.jmeter.modifiers.BSFPreProcessor 
2019/08/21 17:25:53 INFO  - jmeter.protocol.http.sampler.HTTPSamplerBase: Parser for text/html is org.apache.jmeter.protocol.http.parser.LagartoBasedHtmlParser 
2019/08/21 17:25:53 INFO  - jmeter.protocol.http.sampler.HTTPSamplerBase: Parser for application/xhtml+xml is org.apache.jmeter.protocol.http.parser.LagartoBasedHtmlParser 
2019/08/21 17:25:53 INFO  - jmeter.protocol.http.sampler.HTTPSamplerBase: Parser for application/xml is org.apache.jmeter.protocol.http.parser.LagartoBasedHtmlParser 
2019/08/21 17:25:53 INFO  - jmeter.protocol.http.sampler.HTTPSamplerBase: Parser for text/xml is org.apache.jmeter.protocol.http.parser.LagartoBasedHtmlParser 
2019/08/21 17:25:53 INFO  - jmeter.protocol.http.sampler.HTTPSamplerBase: Parser for text/vnd.wap.wml is org.apache.jmeter.protocol.http.parser.RegexpHTMLParser 
2019/08/21 17:25:53 INFO  - jmeter.protocol.http.sampler.HTTPSamplerBase: Parser for text/css is org.apache.jmeter.protocol.http.parser.CssParser 
2019/08/21 17:25:54 INFO  - jorphan.exec.KeyToolUtils: keytool found at 'keytool' 
2019/08/21 17:25:54 INFO  - jmeter.protocol.http.proxy.ProxyControl: HTTP(S) Test Script Recorder SSL Proxy will use keys that support embedded 3rd party resources in file E:\Project\lyon_proj\jmeter\install\apache-jmeter-3.1\bin\proxyserver.jks 
2019/08/21 17:25:54 INFO  - jmeter.gui.util.MenuFactory: Skipping org.apache.jmeter.protocol.java.sampler.BSFSampler 
2019/08/21 17:25:54 INFO  - jmeter.gui.util.MenuFactory: Skipping org.apache.jmeter.protocol.mongodb.config.MongoSourceElement 
2019/08/21 17:25:54 INFO  - jmeter.gui.util.MenuFactory: Skipping org.apache.jmeter.protocol.mongodb.sampler.MongoScriptSampler 
2019/08/21 17:25:55 INFO  - jmeter.gui.util.MenuFactory: Skipping org.apache.jmeter.timers.BSFTimer 
2019/08/21 17:25:55 INFO  - jmeter.gui.util.MenuFactory: Skipping org.apache.jmeter.visualizers.BSFListener 
2019/08/21 17:25:55 INFO  - jmeter.gui.util.MenuFactory: Skipping org.apache.jmeter.visualizers.MonitorHealthVisualizer 
2019/08/21 17:25:55 INFO  - jmeter.samplers.SampleResult: Note: Sample TimeStamps are START times 
2019/08/21 17:25:55 INFO  - jmeter.samplers.SampleResult: sampleresult.default.encoding is set to utf-8 
2019/08/21 17:25:55 INFO  - jmeter.samplers.SampleResult: sampleresult.useNanoTime=true 
2019/08/21 17:25:55 INFO  - jmeter.samplers.SampleResult: sampleresult.nanoThreadSleep=5000 
